Info: Read atom netlist
Info: Directory D:/IntelFPGA/sem 5/adder_32bit/board/fpgaxchange exists --if you continue the contents of the directory may be overwritten
Info: Generating FPGA Xchange file D:/IntelFPGA/sem 5/adder_32bit/board/fpgaxchange/adder_32bit.fx
Info: Atom 602 (sum[0]) has key 'output,2.5 V,Default,Series 50 Ohm without Calibration,--,FAST,0,--,0,--,--'
Info: Atom 604 (sum[1]) has key 'output,2.5 V,Default,Series 50 Ohm without Calibration,--,FAST,0,--,0,--,--'
Info: Atom 606 (sum[2]) has key 'output,2.5 V,Default,Series 50 Ohm without Calibration,--,FAST,0,--,0,--,--'
Info: Atom 608 (sum[3]) has key 'output,2.5 V,Default,Series 50 Ohm without Calibration,--,FAST,0,--,0,--,--'
Info: Atom 610 (sum[4]) has key 'output,2.5 V,Default,Series 50 Ohm without Calibration,--,FAST,0,--,0,--,--'
Info: Atom 612 (sum[5]) has key 'output,2.5 V,Default,Series 50 Ohm without Calibration,--,FAST,0,--,0,--,--'
Info: Atom 614 (sum[6]) has key 'output,2.5 V,Default,Series 50 Ohm without Calibration,--,FAST,0,--,0,--,--'
Info: Atom 616 (sum[7]) has key 'output,2.5 V,Default,Series 50 Ohm without Calibration,--,FAST,0,--,0,--,--'
Info: Atom 618 (sum[8]) has key 'output,2.5 V,Default,Series 50 Ohm without Calibration,--,FAST,0,--,0,--,--'
Info: Atom 620 (sum[9]) has key 'output,2.5 V,Default,Series 50 Ohm without Calibration,--,FAST,0,--,0,--,--'
Info: Atom 622 (sum[10]) has key 'output,2.5 V,Default,Series 50 Ohm without Calibration,--,FAST,0,--,0,--,--'
Info: Atom 624 (sum[11]) has key 'output,2.5 V,Default,Series 50 Ohm without Calibration,--,FAST,0,--,0,--,--'
Info: Atom 626 (sum[12]) has key 'output,2.5 V,Default,Series 50 Ohm without Calibration,--,FAST,0,--,0,--,--'
Info: Atom 628 (sum[13]) has key 'output,2.5 V,Default,Series 50 Ohm without Calibration,--,FAST,0,--,0,--,--'
Info: Atom 630 (sum[14]) has key 'output,2.5 V,Default,Series 50 Ohm without Calibration,--,FAST,0,--,0,--,--'
Info: Atom 632 (sum[15]) has key 'output,2.5 V,Default,Series 50 Ohm without Calibration,--,FAST,0,--,0,--,--'
Info: Atom 634 (sum[16]) has key 'output,2.5 V,Default,Series 50 Ohm without Calibration,--,FAST,0,--,0,--,--'
Info: Atom 636 (sum[17]) has key 'output,2.5 V,Default,Series 50 Ohm without Calibration,--,FAST,0,--,0,--,--'
Info: Atom 638 (sum[18]) has key 'output,2.5 V,Default,Series 50 Ohm without Calibration,--,FAST,0,--,0,--,--'
Info: Atom 640 (sum[19]) has key 'output,2.5 V,Default,Series 50 Ohm without Calibration,--,FAST,0,--,0,--,--'
Info: Atom 642 (sum[20]) has key 'output,2.5 V,Default,Series 50 Ohm without Calibration,--,FAST,0,--,0,--,--'
Info: Atom 644 (sum[21]) has key 'output,2.5 V,Default,Series 50 Ohm without Calibration,--,FAST,0,--,0,--,--'
Info: Atom 646 (sum[22]) has key 'output,2.5 V,Default,Series 50 Ohm without Calibration,--,FAST,0,--,0,--,--'
Info: Atom 648 (sum[23]) has key 'output,2.5 V,Default,Series 50 Ohm without Calibration,--,FAST,0,--,0,--,--'
Info: Atom 650 (sum[24]) has key 'output,2.5 V,Default,Series 50 Ohm without Calibration,--,FAST,0,--,0,--,--'
Info: Atom 652 (sum[25]) has key 'output,2.5 V,Default,Series 50 Ohm without Calibration,--,FAST,0,--,0,--,--'
Info: Atom 654 (sum[26]) has key 'output,2.5 V,Default,Series 50 Ohm without Calibration,--,FAST,0,--,0,--,--'
Info: Atom 656 (sum[27]) has key 'output,2.5 V,Default,Series 50 Ohm without Calibration,--,FAST,0,--,0,--,--'
Info: Atom 658 (sum[28]) has key 'output,2.5 V,Default,Series 50 Ohm without Calibration,--,FAST,0,--,0,--,--'
Info: Atom 660 (sum[29]) has key 'output,2.5 V,Default,Series 50 Ohm without Calibration,--,FAST,0,--,0,--,--'
Info: Atom 662 (sum[30]) has key 'output,2.5 V,Default,Series 50 Ohm without Calibration,--,FAST,0,--,0,--,--'
Info: Atom 664 (sum[31]) has key 'output,2.5 V,Default,Series 50 Ohm without Calibration,--,FAST,0,--,0,--,--'
Info: Atom 666 (Cout) has key 'output,2.5 V,Default,Series 50 Ohm without Calibration,--,FAST,0,--,0,--,--'
Info: Atom 668 (reset) has key 'input,2.5 V,--,--,Off,--,0,--,0,--,--'
Info: Atom 670 (clk) has key 'input,2.5 V,--,--,Off,--,0,--,0,--,--'
Info: Atom 672 (num_a[31]) has key 'input,2.5 V,--,--,Off,--,0,--,0,--,--'
Info: Atom 674 (num_b[31]) has key 'input,2.5 V,--,--,Off,--,0,--,0,--,--'
Info: Atom 676 (num_a[30]) has key 'input,2.5 V,--,--,Off,--,0,--,0,--,--'
Info: Atom 678 (num_b[30]) has key 'input,2.5 V,--,--,Off,--,0,--,0,--,--'
Info: Atom 680 (num_a[29]) has key 'input,2.5 V,--,--,Off,--,0,--,0,--,--'
Info: Atom 682 (num_b[29]) has key 'input,2.5 V,--,--,Off,--,0,--,0,--,--'
Info: Atom 684 (num_a[28]) has key 'input,2.5 V,--,--,Off,--,0,--,0,--,--'
Info: Atom 686 (num_b[28]) has key 'input,2.5 V,--,--,Off,--,0,--,0,--,--'
Info: Atom 688 (num_a[27]) has key 'input,2.5 V,--,--,Off,--,0,--,0,--,--'
Info: Atom 690 (num_b[27]) has key 'input,2.5 V,--,--,Off,--,0,--,0,--,--'
Info: Atom 692 (num_a[26]) has key 'input,2.5 V,--,--,Off,--,0,--,0,--,--'
Info: Atom 694 (num_b[26]) has key 'input,2.5 V,--,--,Off,--,0,--,0,--,--'
Info: Atom 696 (num_a[25]) has key 'input,2.5 V,--,--,Off,--,0,--,0,--,--'
Info: Atom 698 (num_b[25]) has key 'input,2.5 V,--,--,Off,--,0,--,0,--,--'
Info: Atom 700 (num_a[24]) has key 'input,2.5 V,--,--,Off,--,0,--,0,--,--'
Info: Atom 702 (num_b[24]) has key 'input,2.5 V,--,--,Off,--,0,--,0,--,--'
Info: Atom 704 (num_a[23]) has key 'input,2.5 V,--,--,Off,--,0,--,0,--,--'
Info: Atom 706 (num_b[23]) has key 'input,2.5 V,--,--,Off,--,0,--,0,--,--'
Info: Atom 708 (num_a[22]) has key 'input,2.5 V,--,--,Off,--,0,--,0,--,--'
Info: Atom 710 (num_b[22]) has key 'input,2.5 V,--,--,Off,--,0,--,0,--,--'
Info: Atom 712 (num_a[21]) has key 'input,2.5 V,--,--,Off,--,0,--,0,--,--'
Info: Atom 714 (num_b[21]) has key 'input,2.5 V,--,--,Off,--,0,--,0,--,--'
Info: Atom 716 (num_a[20]) has key 'input,2.5 V,--,--,Off,--,0,--,0,--,--'
Info: Atom 718 (num_b[20]) has key 'input,2.5 V,--,--,Off,--,0,--,0,--,--'
Info: Atom 720 (num_a[19]) has key 'input,2.5 V,--,--,Off,--,0,--,0,--,--'
Info: Atom 722 (num_b[19]) has key 'input,2.5 V,--,--,Off,--,0,--,0,--,--'
Info: Atom 724 (num_a[18]) has key 'input,2.5 V,--,--,Off,--,0,--,0,--,--'
Info: Atom 726 (num_b[18]) has key 'input,2.5 V,--,--,Off,--,0,--,0,--,--'
Info: Atom 728 (num_a[17]) has key 'input,2.5 V,--,--,Off,--,0,--,0,--,--'
Info: Atom 730 (num_b[17]) has key 'input,2.5 V,--,--,Off,--,0,--,0,--,--'
Info: Atom 732 (num_a[16]) has key 'input,2.5 V,--,--,Off,--,0,--,0,--,--'
Info: Atom 734 (num_b[16]) has key 'input,2.5 V,--,--,Off,--,0,--,0,--,--'
Info: Atom 736 (num_a[15]) has key 'input,2.5 V,--,--,Off,--,0,--,0,--,--'
Info: Atom 738 (num_b[15]) has key 'input,2.5 V,--,--,Off,--,0,--,0,--,--'
Info: Atom 740 (num_a[14]) has key 'input,2.5 V,--,--,Off,--,0,--,0,--,--'
Info: Atom 742 (num_b[14]) has key 'input,2.5 V,--,--,Off,--,0,--,0,--,--'
Info: Atom 744 (num_a[13]) has key 'input,2.5 V,--,--,Off,--,0,--,0,--,--'
Info: Atom 746 (num_b[13]) has key 'input,2.5 V,--,--,Off,--,0,--,0,--,--'
Info: Atom 748 (num_a[12]) has key 'input,2.5 V,--,--,Off,--,0,--,0,--,--'
Info: Atom 750 (num_b[12]) has key 'input,2.5 V,--,--,Off,--,0,--,0,--,--'
Info: Atom 752 (num_a[11]) has key 'input,2.5 V,--,--,Off,--,0,--,0,--,--'
Info: Atom 754 (num_b[11]) has key 'input,2.5 V,--,--,Off,--,0,--,0,--,--'
Info: Atom 756 (num_a[10]) has key 'input,2.5 V,--,--,Off,--,0,--,0,--,--'
Info: Atom 758 (num_b[10]) has key 'input,2.5 V,--,--,Off,--,0,--,0,--,--'
Info: Atom 760 (num_a[9]) has key 'input,2.5 V,--,--,Off,--,0,--,0,--,--'
Info: Atom 762 (num_b[9]) has key 'input,2.5 V,--,--,Off,--,0,--,0,--,--'
Info: Atom 764 (num_a[8]) has key 'input,2.5 V,--,--,Off,--,0,--,0,--,--'
Info: Atom 766 (num_b[8]) has key 'input,2.5 V,--,--,Off,--,0,--,0,--,--'
Info: Atom 768 (num_a[7]) has key 'input,2.5 V,--,--,Off,--,0,--,0,--,--'
Info: Atom 770 (num_b[7]) has key 'input,2.5 V,--,--,Off,--,0,--,0,--,--'
Info: Atom 772 (num_a[6]) has key 'input,2.5 V,--,--,Off,--,0,--,0,--,--'
Info: Atom 774 (num_b[6]) has key 'input,2.5 V,--,--,Off,--,0,--,0,--,--'
Info: Atom 776 (num_a[5]) has key 'input,2.5 V,--,--,Off,--,0,--,0,--,--'
Info: Atom 778 (num_b[5]) has key 'input,2.5 V,--,--,Off,--,0,--,0,--,--'
Info: Atom 780 (num_a[4]) has key 'input,2.5 V,--,--,Off,--,0,--,0,--,--'
Info: Atom 782 (num_b[4]) has key 'input,2.5 V,--,--,Off,--,0,--,0,--,--'
Info: Atom 784 (num_a[3]) has key 'input,2.5 V,--,--,Off,--,0,--,0,--,--'
Info: Atom 786 (num_b[3]) has key 'input,2.5 V,--,--,Off,--,0,--,0,--,--'
Info: Atom 788 (num_a[2]) has key 'input,2.5 V,--,--,Off,--,0,--,0,--,--'
Info: Atom 790 (num_b[2]) has key 'input,2.5 V,--,--,Off,--,0,--,0,--,--'
Info: Atom 792 (num_a[1]) has key 'input,2.5 V,--,--,Off,--,0,--,0,--,--'
Info: Atom 794 (num_b[1]) has key 'input,2.5 V,--,--,Off,--,0,--,0,--,--'
Info: Atom 796 (num_a[0]) has key 'input,2.5 V,--,--,Off,--,0,--,0,--,--'
Info: Atom 798 (num_b[0]) has key 'input,2.5 V,--,--,Off,--,0,--,0,--,--'
Info: Atom 800 (Cin) has key 'input,2.5 V,--,--,Off,--,0,--,0,--,--'
Info: FPGA Xchange file D:/IntelFPGA/sem 5/adder_32bit/board/fpgaxchange/adder_32bit.fx generated successfully
