Flow report for adder_32bit
Wed Aug 20 15:35:50 2025
Quartus Prime Version 20.1.1 Build 720 11/11/2020 SJ Lite Edition


---------------------
; Table of Contents ;
---------------------
  1. Legal Notice
  2. Flow Summary
  3. Flow Settings
  4. Flow Non-Default Global Settings
  5. Flow Elapsed Time
  6. Flow OS Summary
  7. Flow Log
  8. Flow Messages
  9. Flow Suppressed Messages



----------------
; Legal Notice ;
----------------
Copyright (C) 2020  Intel Corporation. All rights reserved.
Your use of Intel Corporation's design tools, logic functions 
and other software and tools, and any partner logic 
functions, and any output files from any of the foregoing 
(including device programming or simulation files), and any 
associated documentation or information are expressly subject 
to the terms and conditions of the Intel Program License 
Subscription Agreement, the Intel Quartus Prime License Agreement,
the Intel FPGA IP License Agreement, or other applicable license
agreement, including, without limitation, that your use is for
the sole purpose of programming logic devices manufactured by
Intel and sold by Intel or its authorized distributors.  Please
refer to the applicable agreement for further details, at
https://fpgasoftware.intel.com/eula.



+----------------------------------------------------------------------------------+
; Flow Summary                                                                     ;
+------------------------------------+---------------------------------------------+
; Flow Status                        ; Successful - Wed Aug 20 15:35:50 2025       ;
; Quartus Prime Version              ; 20.1.1 Build 720 11/11/2020 SJ Lite Edition ;
; Revision Name                      ; adder_32bit                                 ;
; Top-level Entity Name              ; pipelined_adder_32bit                       ;
; Family                             ; Cyclone IV E                                ;
; Device                             ; EP4CE22F17C6                                ;
; Timing Models                      ; Final                                       ;
; Total logic elements               ; 259 / 22,320 ( 1 % )                        ;
;     Total combinational functions  ; 257 / 22,320 ( 1 % )                        ;
;     Dedicated logic registers      ; 244 / 22,320 ( 1 % )                        ;
; Total registers                    ; 244                                         ;
; Total pins                         ; 100 / 154 ( 65 % )                          ;
; Total virtual pins                 ; 0                                           ;
; Total memory bits                  ; 0 / 608,256 ( 0 % )                         ;
; Embedded Multiplier 9-bit elements ; 0 / 132 ( 0 % )                             ;
; Total PLLs                         ; 0 / 4 ( 0 % )                               ;
+------------------------------------+---------------------------------------------+


+-----------------------------------------+
; Flow Settings                           ;
+-------------------+---------------------+
; Option            ; Setting             ;
+-------------------+---------------------+
; Start date & time ; 08/20/2025 15:35:28 ;
; Main task         ; Compilation         ;
; Revision Name     ; adder_32bit         ;
+-------------------+---------------------+


+-------------------------------------------------------------------------------------------------------------------------------------------------------------+
; Flow Non-Default Global Settings                                                                                                                            ;
+----------------------------------------+----------------------------------------+---------------+-----------------------+-----------------------------------+
; Assignment Name                        ; Value                                  ; Default Value ; Entity Name           ; Section Id                        ;
+----------------------------------------+----------------------------------------+---------------+-----------------------+-----------------------------------+
; COMPILER_SIGNATURE_ID                  ; 238300916138085.175568432814280        ; --            ; --                    ; --                                ;
; EDA_BOARD_DESIGN_BOUNDARY_SCAN_TOOL    ; BSDL (Boundary Scan)                   ; <None>        ; --                    ; --                                ;
; EDA_BOARD_DESIGN_SIGNAL_INTEGRITY_TOOL ; HSPICE (Signal Integrity)              ; <None>        ; --                    ; --                                ;
; EDA_BOARD_DESIGN_SYMBOL_TOOL           ; FPGA Xchange (Symbol)                  ; <None>        ; --                    ; --                                ;
; EDA_BOARD_DESIGN_TIMING_TOOL           ; Stamp (Timing)                         ; <None>        ; --                    ; --                                ;
; EDA_GENERATE_FUNCTIONAL_NETLIST        ; Off                                    ; --            ; --                    ; eda_board_design_timing           ;
; EDA_GENERATE_FUNCTIONAL_NETLIST        ; Off                                    ; --            ; --                    ; eda_board_design_boundary_scan    ;
; EDA_GENERATE_FUNCTIONAL_NETLIST        ; Off                                    ; --            ; --                    ; eda_board_design_signal_integrity ;
; EDA_GENERATE_FUNCTIONAL_NETLIST        ; Off                                    ; --            ; --                    ; eda_board_design_symbol           ;
; EDA_OUTPUT_DATA_FORMAT                 ; Stamp                                  ; --            ; --                    ; eda_board_design_timing           ;
; EDA_OUTPUT_DATA_FORMAT                 ; Systemverilog Hdl                      ; --            ; --                    ; eda_simulation                    ;
; EDA_OUTPUT_DATA_FORMAT                 ; Bsdl                                   ; --            ; --                    ; eda_board_design_boundary_scan    ;
; EDA_OUTPUT_DATA_FORMAT                 ; Hspice                                 ; --            ; --                    ; eda_board_design_signal_integrity ;
; EDA_OUTPUT_DATA_FORMAT                 ; Fpga Xchange                           ; --            ; --                    ; eda_board_design_symbol           ;
; EDA_SIMULATION_TOOL                    ; ModelSim-Altera (SystemVerilog)        ; <None>        ; --                    ; --                                ;
; EDA_TIME_SCALE                         ; 1 ps                                   ; --            ; --                    ; eda_simulation                    ;
; MAX_CORE_JUNCTION_TEMP                 ; 85                                     ; --            ; --                    ; --                                ;
; MIN_CORE_JUNCTION_TEMP                 ; 0                                      ; --            ; --                    ; --                                ;
; NOMINAL_CORE_SUPPLY_VOLTAGE            ; 1.2V                                   ; --            ; --                    ; --                                ;
; PARTITION_COLOR                        ; -- (Not supported for targeted family) ; --            ; pipelined_adder_32bit ; Top                               ;
; PARTITION_FITTER_PRESERVATION_LEVEL    ; -- (Not supported for targeted family) ; --            ; pipelined_adder_32bit ; Top                               ;
; PARTITION_NETLIST_TYPE                 ; -- (Not supported for targeted family) ; --            ; pipelined_adder_32bit ; Top                               ;
; POWER_BOARD_THERMAL_MODEL              ; None (CONSERVATIVE)                    ; --            ; --                    ; --                                ;
; POWER_PRESET_COOLING_SOLUTION          ; 23 MM HEAT SINK WITH 200 LFPM AIRFLOW  ; --            ; --                    ; --                                ;
; PROJECT_OUTPUT_DIRECTORY               ; output_files                           ; --            ; --                    ; --                                ;
; TOP_LEVEL_ENTITY                       ; pipelined_adder_32bit                  ; adder_32bit   ; --                    ; --                                ;
+----------------------------------------+----------------------------------------+---------------+-----------------------+-----------------------------------+


+--------------------------------------------------------------------------------------------------------------------------+
; Flow Elapsed Time                                                                                                        ;
+----------------------+--------------+-------------------------+---------------------+------------------------------------+
; Module Name          ; Elapsed Time ; Average Processors Used ; Peak Virtual Memory ; Total CPU Time (on all processors) ;
+----------------------+--------------+-------------------------+---------------------+------------------------------------+
; Analysis & Synthesis ; 00:00:08     ; 1.0                     ; 4785 MB             ; 00:00:17                           ;
; Fitter               ; 00:00:07     ; 1.0                     ; 5666 MB             ; 00:00:08                           ;
; Assembler            ; 00:00:01     ; 1.0                     ; 4688 MB             ; 00:00:01                           ;
; Timing Analyzer      ; 00:00:01     ; 1.0                     ; 4814 MB             ; 00:00:02                           ;
; EDA Netlist Writer   ; 00:00:02     ; 1.0                     ; 4667 MB             ; 00:00:01                           ;
; Total                ; 00:00:19     ; --                      ; --                  ; 00:00:29                           ;
+----------------------+--------------+-------------------------+---------------------+------------------------------------+


+------------------------------------------------------------------------------------+
; Flow OS Summary                                                                    ;
+----------------------+------------------+------------+------------+----------------+
; Module Name          ; Machine Hostname ; OS Name    ; OS Version ; Processor type ;
+----------------------+------------------+------------+------------+----------------+
; Analysis & Synthesis ; KIRAN-LAPTOP     ; Windows 10 ; 10.0       ; x86_64         ;
; Fitter               ; KIRAN-LAPTOP     ; Windows 10 ; 10.0       ; x86_64         ;
; Assembler            ; KIRAN-LAPTOP     ; Windows 10 ; 10.0       ; x86_64         ;
; Timing Analyzer      ; KIRAN-LAPTOP     ; Windows 10 ; 10.0       ; x86_64         ;
; EDA Netlist Writer   ; KIRAN-LAPTOP     ; Windows 10 ; 10.0       ; x86_64         ;
+----------------------+------------------+------------+------------+----------------+


------------
; Flow Log ;
------------
quartus_map --read_settings_files=on --write_settings_files=off adder_32bit -c adder_32bit
quartus_fit --read_settings_files=off --write_settings_files=off adder_32bit -c adder_32bit
quartus_asm --read_settings_files=off --write_settings_files=off adder_32bit -c adder_32bit
quartus_sta adder_32bit -c adder_32bit
quartus_eda --read_settings_files=off --write_settings_files=off adder_32bit -c adder_32bit



